This is XeTeX, Version 3.14159265-2.6-0.999992 (TeX Live 2020/W32TeX) (preloaded format=xelatex 2020.5.8)  8 MAY 2022 23:24
entering extended mode
 \write18 enabled.
 file:line:error style messages enabled.
 %&-line parsing enabled.
**高频词-中文.tex
(./高频词-中文.tex
LaTeX2e <2020-02-02> patch level 5
L3 programming layer <2020-04-06>)
! Emergency stop.
<*> 高频词-中文.tex
              
*** (job aborted, no legal \end found)

 
Here is how much of TeX's memory you used:
 15 strings out of 479488
 293 string characters out of 5889089
 242569 words of memory out of 5000000
 17568 multiletter control sequences out of 15000+600000
 532338 words of font info for 24 fonts, out of 8000000 for 9000
 1348 hyphenation exceptions out of 8191
 12i,0n,15p,42b,8s stack positions out of 5000i,500n,10000p,200000b,80000s
No pages of output.
